0 info it worked if it ends with ok
1 verbose cli [ '/usr/bin/node', '/usr/bin/npm', 'version', 'patch' ]
2 info using npm@3.8.6
3 info using node@v5.10.1
4 verbose config Skipping project config: /home/tjaart/.npmrc. (matches userconfig)
5 error version No valid package.json found
6 verbose stack Error: Error: ENOENT: no such file or directory, open '/home/tjaart/package.json'
6 verbose stack     at ReadFileContext.<anonymous> (/usr/lib/node_modules/npm/lib/version.js:110:23)
6 verbose stack     at ReadFileContext.callback (/usr/lib/node_modules/npm/node_modules/graceful-fs/graceful-fs.js:78:16)
6 verbose stack     at FSReqWrap.readFileAfterOpen [as oncomplete] (fs.js:324:13)
7 verbose cwd /home/tjaart/.emacs.d/init.d
8 error Linux 4.1.20-1-lts
9 error argv "/usr/bin/node" "/usr/bin/npm" "version" "patch"
10 error node v5.10.1
11 error npm  v3.8.6
12 error code [ 'Error: ENOENT',
12 error code   'ENOENT',
12 error code   index: 0,
12 error code   input: 'Error: ENOENT: no such file or directory, open \'/home/tjaart/package.json\'' ]
13 error Error: ENOENT: no such file or directory, open '/home/tjaart/package.json'
14 error If you need help, you may report this error at:
14 error     <https://github.com/npm/npm/issues>
15 verbose exit [ 1, true ]
